Determining if the pthread_create exist failed with the following output:
Change Dir: /home/robotics/proj/pepper_work/test/build-mytoolchainA/CMakeFiles/CMakeTmp

Run Build Command:/usr/bin/make "cmTryCompileExec275456353/fast"
/usr/bin/make -f CMakeFiles/cmTryCompileExec275456353.dir/build.make CMakeFiles/cmTryCompileExec275456353.dir/build
make[1]: ディレクトリ `/home/robotics/proj/pepper_work/test/build-mytoolchainA/CMakeFiles/CMakeTmp' に入ります
/usr/bin/cmake -E cmake_progress_report /home/robotics/proj/pepper_work/test/build-mytoolchainA/CMakeFiles/CMakeTmp/CMakeFiles 1
Building C object CMakeFiles/cmTryCompileExec275456353.dir/CheckSymbolExists.c.o
/usr/bin/cc    -o CMakeFiles/cmTryCompileExec275456353.dir/CheckSymbolExists.c.o   -c /home/robotics/proj/pepper_work/test/build-mytoolchainA/CMakeFiles/CMakeTmp/CheckSymbolExists.c
Linking C executable cmTryCompileExec275456353
/usr/bin/cmake -E cmake_link_script CMakeFiles/cmTryCompileExec275456353.dir/link.txt --verbose=1
/usr/bin/cc       CMakeFiles/cmTryCompileExec275456353.dir/CheckSymbolExists.c.o  -o cmTryCompileExec275456353 -rdynamic 
CMakeFiles/cmTryCompileExec275456353.dir/CheckSymbolExists.c.o: 関数 `main' 内:
CheckSymbolExists.c:(.text+0x16): `pthread_create' に対する定義されていない参照です
make[1]: ディレクトリ `/home/robotics/proj/pepper_work/test/build-mytoolchainA/CMakeFiles/CMakeTmp' から出ます
collect2: error: ld returned 1 exit status
make[1]: *** [cmTryCompileExec275456353] エラー 1
make: *** [cmTryCompileExec275456353/fast] エラー 2

File /home/robotics/proj/pepper_work/test/build-mytoolchainA/CMakeFiles/CMakeTmp/CheckSymbolExists.c:
/* */
#include <pthread.h>

int main(int argc, char** argv)
{
  (void)argv;
#ifndef pthread_create
  return ((int*)(&pthread_create))[argc];
#else
  (void)argc;
  return 0;
#endif
}

Determining if the function pthread_create exists in the pthreads failed with the following output:
Change Dir: /home/robotics/proj/pepper_work/test/build-mytoolchainA/CMakeFiles/CMakeTmp

Run Build Command:/usr/bin/make "cmTryCompileExec1917067210/fast"
/usr/bin/make -f CMakeFiles/cmTryCompileExec1917067210.dir/build.make CMakeFiles/cmTryCompileExec1917067210.dir/build
make[1]: ディレクトリ `/home/robotics/proj/pepper_work/test/build-mytoolchainA/CMakeFiles/CMakeTmp' に入ります
/usr/bin/cmake -E cmake_progress_report /home/robotics/proj/pepper_work/test/build-mytoolchainA/CMakeFiles/CMakeTmp/CMakeFiles 1
Building C object CMakeFiles/cmTryCompileExec1917067210.dir/CheckFunctionExists.c.o
/usr/bin/cc   -DCHECK_FUNCTION_EXISTS=pthread_create   -o CMakeFiles/cmTryCompileExec1917067210.dir/CheckFunctionExists.c.o   -c /usr/share/cmake-2.8/Modules/CheckFunctionExists.c
Linking C executable cmTryCompileExec1917067210
/usr/bin/cmake -E cmake_link_script CMakeFiles/cmTryCompileExec1917067210.dir/link.txt --verbose=1
/usr/bin/cc   -DCHECK_FUNCTION_EXISTS=pthread_create    CMakeFiles/cmTryCompileExec1917067210.dir/CheckFunctionExists.c.o  -o cmTryCompileExec1917067210 -rdynamic -lpthreads 
/usr/bin/ld: -lpthreads が見つかりません
make[1]: ディレクトリ `/home/robotics/proj/pepper_work/test/build-mytoolchainA/CMakeFiles/CMakeTmp' から出ます
collect2: error: ld returned 1 exit status
make[1]: *** [cmTryCompileExec1917067210] エラー 1
make: *** [cmTryCompileExec1917067210/fast] エラー 2


